┌ Info: 
│   T = 24
└   R = 8192
[ Info: Saving RMP at iter 10
[ Info: Saving RMP at iter 20
[ Info: Saving RMP at iter 30
[ Info: Saving RMP at iter 40
MP solver: Gurobi

Iter      Primal Obj.       Dual bound    %Gap     #Cols   Time(s)   BarIter   SpxIter
   0  +7.89185987e+07             -Inf  100.00      8192      0.14         6         3
   1  +3.28182347e+07             -Inf  100.00      9216      3.83        16         6
   2  +1.49131744e+07             -Inf  100.00     10240      6.26        26         9
   3  +1.88216471e+06             -Inf  100.00     11264      9.60        42        12
   4  +1.20857363e+04             -Inf  100.00     12288     12.98        70        51
   5  +1.20279658e+04             -Inf  100.00     13312     16.77       103        66
   6  +1.19587265e+04             -Inf  100.00     14336     19.71       133        70
   7  +1.19092489e+04             -Inf  100.00     15360     23.77       152        96
   8  +1.18480839e+04             -Inf  100.00     16384     27.82       178       254
   9  +1.18009659e+04             -Inf  100.00     17408     30.54       198       317
  10  +1.17614486e+04             -Inf  100.00     18432     35.24       223       827
  11  +1.17426494e+04             -Inf  100.00     19456     39.56       247      1117
  12  +1.17207796e+04             -Inf  100.00     20480     42.33       268      1252
  13  +1.17117810e+04             -Inf  100.00     21504     45.79       295      1430
  14  +1.16994726e+04             -Inf  100.00     22528     49.14       321      1713
  15  +1.16867802e+04             -Inf  100.00     23552     52.40       348      3371
  16  +1.16789472e+04             -Inf  100.00     24576     56.06       382      6317
  17  +1.16721346e+04             -Inf  100.00     25600     60.10       419     10675
  18  +1.16635540e+04             -Inf  100.00     26624     63.52       442     12296
  19  +1.16573242e+04             -Inf  100.00     27648     67.16       471     13545
  20  +1.16510807e+04             -Inf  100.00     28672     73.08       498     14042
  21  +1.16465500e+04             -Inf  100.00     29696     76.94       520     16607
  22  +1.16431564e+04             -Inf  100.00     30720     80.93       556     18362
  23  +1.16400938e+04             -Inf  100.00     31744     85.14       589     20367
  24  +1.16371590e+04             -Inf  100.00     32768     89.89       617     22870
  25  +1.16349882e+04             -Inf  100.00     33792     94.92       649     30081
  26  +1.16327407e+04             -Inf  100.00     34816     99.64       678     39212
  27  +1.16309648e+04             -Inf  100.00     35840    104.11       708     45775
  28  +1.16297497e+04             -Inf  100.00     36864    108.74       744     55863
  29  +1.16283517e+04             -Inf  100.00     37888    114.92       817     59533
  30  +1.16272467e+04             -Inf  100.00     38912    123.19       867     72741
  31  +1.16262013e+04             -Inf  100.00     39936    129.86       920     87799
  32  +1.16252781e+04             -Inf  100.00     40960    137.35       979    101852
  33  +1.16246392e+04             -Inf  100.00     41984    144.69      1032    117414
  34  +1.16235873e+04             -Inf  100.00     43008    155.93      1122    133058
  35  +1.16229411e+04             -Inf  100.00     44032    167.22      1207    150632
  36  +1.16225641e+04             -Inf  100.00     45056    175.59      1260    169205
  37  +1.16216138e+04             -Inf  100.00     46080    199.40      1317    186141
  38  +1.16215426e+04             -Inf  100.00     47104    207.01      1362    198848
  39  +1.16213958e+04  -2.71729261e-01  100.00     47572    232.52      1436    219961
  40  +1.16213793e+04  -2.71729261e-01  100.00     48596    245.23      1505    235786
CG terminated with status SLOW_PROGRESS

Total time / MP: 74.91s
Total time / SP: 155.93s
Total time / CG: 245.23s
Inner barrier iterations: 1505
Inner simplex iterations: 235786
Pricing calls: 63553
