┌ Info: 
│   T = 24
└   R = 32768
[ Info: Saving RMP at iter 10
[ Info: Saving RMP at iter 20
[ Info: Saving RMP at iter 30
[ Info: Saving RMP at iter 40
MP solver: Gurobi

Iter      Primal Obj.       Dual bound    %Gap     #Cols   Time(s)   BarIter   SpxIter
   0  +3.01643696e+08             -Inf  100.00     32768      0.38         6         3
   1  +1.23567754e+08             -Inf  100.00     36864     15.02        17         6
   2  +5.61555065e+07             -Inf  100.00     40960     25.37        30         9
   3  +5.81724176e+06             -Inf  100.00     45056     39.94        48        12
   4  +4.79780546e+04             -Inf  100.00     49152     55.30        90        31
   5  +4.76762029e+04             -Inf  100.00     53248     71.68       136       125
   6  +4.74218497e+04             -Inf  100.00     57344     82.94       169       142
   7  +4.72002175e+04             -Inf  100.00     61440    100.74       195      1640
   8  +4.69024814e+04             -Inf  100.00     65536    114.37       225      1662
   9  +4.67924378e+04             -Inf  100.00     69632    128.07       256      1687
  10  +4.67406532e+04             -Inf  100.00     73728    154.62       283      1871
  11  +4.66447692e+04             -Inf  100.00     77824    172.13       310      3665
  12  +4.66018161e+04             -Inf  100.00     81920    189.70       346      5073
  13  +4.65175887e+04             -Inf  100.00     86016    206.49       386     19770
  14  +4.64811657e+04             -Inf  100.00     90112    222.53       421     20812
  15  +4.64438477e+04             -Inf  100.00     94208    240.63       464     26460
  16  +4.64027764e+04             -Inf  100.00     98304    261.94       520     39850
  17  +4.63721499e+04             -Inf  100.00    102400    280.18       567     42699
  18  +4.63468269e+04             -Inf  100.00    106496    298.74       608     47159
  19  +4.63229604e+04             -Inf  100.00    110592    317.38       645     60138
  20  +4.63052958e+04             -Inf  100.00    114688    347.31       688     85053
  21  +4.62940284e+04             -Inf  100.00    118784    368.78       727    101846
  22  +4.62806200e+04             -Inf  100.00    122880    395.34       789    132596
  23  +4.62708250e+04             -Inf  100.00    126976    418.56       839    141628
  24  +4.62596842e+04             -Inf  100.00    131072    445.78       892    177892
  25  +4.62515829e+04             -Inf  100.00    135168    470.60       947    202917
  26  +4.62446408e+04             -Inf  100.00    139264    494.43       990    220550
  27  +4.62378430e+04             -Inf  100.00    143360    522.44      1040    262583
  28  +4.62327427e+04             -Inf  100.00    147456    553.16      1103    314596
  29  +4.62284895e+04             -Inf  100.00    151552    589.95      1182    368585
  30  +4.62231916e+04             -Inf  100.00    155648    640.12      1249    425449
  31  +4.62202611e+04             -Inf  100.00    159744    680.90      1352    448436
  32  +4.62171488e+04             -Inf  100.00    163840    724.75      1439    515917
  33  +4.62117124e+04             -Inf  100.00    167936    786.19      1535    586836
  34  +4.62090996e+04             -Inf  100.00    172032    832.04      1592    631268
  35  +4.62063527e+04             -Inf  100.00    176128    904.75      1692    742391
  36  +4.62054539e+04             -Inf  100.00    180224    944.75      1739    785289
  37  +4.62020924e+04  -3.50489142e+00  100.00    183689   1061.54      1825    864274
  38  +4.62020740e+04  -3.50489142e+00  100.00    187785   1112.38      1894    944910
  39  +4.62020260e+04  -3.50489142e+00  100.00    191881   1215.85      1933    989693
  40  +4.62020198e+04  -3.21284744e-03  100.00    191967   1393.64      2021   1152998
CG terminated with status OPTIMAL

Total time / MP: 585.69s
Total time / SP: 826.32s
Total time / CG: 1479.07s
Inner barrier iterations: 2021
Inner simplex iterations: 1152998
Pricing calls: 322816
