┌ Info: 
│   T = 24
└   R = 2048
[ Info: Saving RMP at iter 10
[ Info: Saving RMP at iter 20
[ Info: Saving RMP at iter 30
[ Info: Saving RMP at iter 40
MP solver: Gurobi

Iter      Primal Obj.       Dual bound    %Gap     #Cols   Time(s)   BarIter   SpxIter
   0  +1.94837409e+07             -Inf  100.00      2048      0.11         6         3
   1  +7.73274682e+06             -Inf  100.00      2304      1.06        14         6
   2  +3.43392388e+06             -Inf  100.00      2560      1.67        27         9
   3  +3.24079075e+05             -Inf  100.00      2816      2.44        39        15
   4  +3.01990538e+03             -Inf  100.00      3072      3.32        67        52
   5  +3.00028050e+03             -Inf  100.00      3328      4.38        85        67
   6  +2.98445018e+03             -Inf  100.00      3584      5.02       104       117
   7  +2.97013098e+03             -Inf  100.00      3840      6.03       123       135
   8  +2.95111175e+03             -Inf  100.00      4096      6.83       142       146
   9  +2.94656905e+03             -Inf  100.00      4352      7.48       169       199
  10  +2.94017788e+03             -Inf  100.00      4608      8.85       188       212
  11  +2.93531972e+03             -Inf  100.00      4864      9.56       205       377
  12  +2.92853617e+03             -Inf  100.00      5120     10.46       221       546
  13  +2.92473140e+03             -Inf  100.00      5376     11.12       243       902
  14  +2.92126500e+03             -Inf  100.00      5632     11.80       265      1106
  15  +2.91915201e+03             -Inf  100.00      5888     12.64       291      1522
  16  +2.91778918e+03             -Inf  100.00      6144     13.42       308      1987
  17  +2.91620476e+03             -Inf  100.00      6400     14.18       329      2148
  18  +2.91489584e+03             -Inf  100.00      6656     14.91       349      2290
  19  +2.91324118e+03             -Inf  100.00      6912     15.77       368      3186
  20  +2.91218138e+03             -Inf  100.00      7168     17.12       393      4247
  21  +2.91094362e+03             -Inf  100.00      7424     18.02       416      4715
  22  +2.91009361e+03             -Inf  100.00      7680     18.78       435      6307
  23  +2.90930410e+03             -Inf  100.00      7936     19.63       458      7941
  24  +2.90846101e+03             -Inf  100.00      8192     20.44       477      9680
  25  +2.90789288e+03             -Inf  100.00      8448     21.21       498      9871
  26  +2.90734901e+03             -Inf  100.00      8704     22.06       516     10402
  27  +2.90684593e+03             -Inf  100.00      8960     23.04       553     12802
  28  +2.90649541e+03             -Inf  100.00      9216     24.29       578     13466
  29  +2.90622023e+03             -Inf  100.00      9472     25.29       607     14184
  30  +2.90591449e+03             -Inf  100.00      9728     27.10       632     14680
  31  +2.90575417e+03             -Inf  100.00      9984     28.21       662     16874
  32  +2.90549990e+03             -Inf  100.00     10240     29.37       698     18169
  33  +2.90517356e+03             -Inf  100.00     10496     31.17       737     18374
  34  +2.90505358e+03             -Inf  100.00     10752     32.43       776     21505
  35  +2.90492453e+03             -Inf  100.00     11008     33.78       809     24743
  36  +2.90472113e+03             -Inf  100.00     11264     35.82       840     26240
  37  +2.90440763e+03             -Inf  100.00     11520     39.99       875     30934
  38  +2.90438625e+03             -Inf  100.00     11776     41.35       898     33217
  39  +2.90436450e+03             -Inf  100.00     12032     44.06       932     37291
  40  +2.90435685e+03  -7.68526607e-03  100.00     12080     50.24       969     39845
CG terminated with status OPTIMAL

Total time / MP: 9.66s
Total time / SP: 40.80s
Total time / CG: 54.97s
Inner barrier iterations: 969
Inner simplex iterations: 39845
Pricing calls: 18311
