┌ Info: 
│   T = 24
└   R = 4096
[ Info: Saving RMP at iter 10
[ Info: Saving RMP at iter 20
[ Info: Saving RMP at iter 30
[ Info: Saving RMP at iter 40
MP solver: Gurobi

Iter      Primal Obj.       Dual bound    %Gap     #Cols   Time(s)   BarIter   SpxIter
   0  +3.80204835e+07             -Inf  100.00      4096      0.12         6         3
   1  +1.52636633e+07             -Inf  100.00      4608      1.93        15         6
   2  +6.83430504e+06             -Inf  100.00      5120      3.19        25         9
   3  +6.60568978e+05             -Inf  100.00      5632      4.80        40        27
   4  +6.02154041e+03             -Inf  100.00      6144      6.83        70        33
   5  +5.98374305e+03             -Inf  100.00      6656      8.72        88        42
   6  +5.95344220e+03             -Inf  100.00      7168      9.93       107       147
   7  +5.92633207e+03             -Inf  100.00      7680     11.79       125       178
   8  +5.88514209e+03             -Inf  100.00      8192     13.44       151       182
   9  +5.87505386e+03             -Inf  100.00      8704     15.28       170       270
  10  +5.86818773e+03             -Inf  100.00      9216     17.45       188       427
  11  +5.86159302e+03             -Inf  100.00      9728     19.25       220       695
  12  +5.84954747e+03             -Inf  100.00     10240     21.14       238      1148
  13  +5.83915774e+03             -Inf  100.00     10752     22.72       259      1531
  14  +5.83240105e+03             -Inf  100.00     11264     24.33       284      1814
  15  +5.82965249e+03             -Inf  100.00     11776     26.04       311      1907
  16  +5.82389188e+03             -Inf  100.00     12288     27.71       333      4115
  17  +5.82054634e+03             -Inf  100.00     12800     29.29       356      4724
  18  +5.81874137e+03             -Inf  100.00     13312     31.29       388      7140
  19  +5.81631857e+03             -Inf  100.00     13824     32.98       409      9314
  20  +5.81366234e+03             -Inf  100.00     14336     35.72       433      9389
  21  +5.81206729e+03             -Inf  100.00     14848     37.45       458     13529
  22  +5.80965457e+03             -Inf  100.00     15360     39.06       478     14091
  23  +5.80795014e+03             -Inf  100.00     15872     40.65       497     15031
  24  +5.80650752e+03             -Inf  100.00     16384     42.33       518     17637
  25  +5.80498355e+03             -Inf  100.00     16896     44.25       548     21948
  26  +5.80372336e+03             -Inf  100.00     17408     46.06       571     22263
  27  +5.80261875e+03             -Inf  100.00     17920     47.88       593     25487
  28  +5.80206290e+03             -Inf  100.00     18432     49.70       618     27479
  29  +5.80115150e+03             -Inf  100.00     18944     51.79       651     27886
  30  +5.80048753e+03             -Inf  100.00     19456     55.42       692     34062
  31  +5.80013619e+03             -Inf  100.00     19968     57.50       721     35877
  32  +5.79954961e+03             -Inf  100.00     20480     60.10       764     40901
  33  +5.79932336e+03             -Inf  100.00     20992     62.13       799     44349
  34  +5.79873398e+03             -Inf  100.00     21504     65.64       842     52480
  35  +5.79846499e+03             -Inf  100.00     22016     68.76       908     56104
  36  +5.79803100e+03             -Inf  100.00     22528     73.29       970     61029
  37  +5.79788870e+03             -Inf  100.00     23040     76.18      1022     71111
  38  +5.79766772e+03             -Inf  100.00     23552     79.90      1053     76215
  39  +5.79734580e+03  -3.30086258e-01  100.00     23971     89.82      1122     85708
  40  +5.79734275e+03  -3.30086258e-01  100.00     24483    100.74      1164     90870
  41  +5.79734233e+03  -5.37515294e-05  100.00     24487    110.25      1190     95526
CG terminated with status OPTIMAL

Total time / MP: 23.96s
Total time / SP: 86.51s
Total time / CG: 118.16s
Inner barrier iterations: 1190
Inner simplex iterations: 95526
Pricing calls: 40637
