┌ Info: 
│   T = 24
└   R = 16384
[ Info: Saving RMP at iter 10
[ Info: Saving RMP at iter 20
[ Info: Saving RMP at iter 30
[ Info: Saving RMP at iter 40
MP solver: Gurobi

Iter      Primal Obj.       Dual bound    %Gap     #Cols   Time(s)   BarIter   SpxIter
   0  +1.53269839e+08             -Inf  100.00     16384      0.19         6         3
   1  +6.23276209e+07             -Inf  100.00     18432      7.29        16         6
   2  +2.81789305e+07             -Inf  100.00     20480     11.90        26         9
   3  +2.95130008e+06             -Inf  100.00     22528     19.33        45       369
   4  +2.40306070e+04             -Inf  100.00     24576     26.83       114       385
   5  +2.38633164e+04             -Inf  100.00     26624     34.59       142       895
   6  +2.37411132e+04             -Inf  100.00     28672     40.06       167       907
   7  +2.35965575e+04             -Inf  100.00     30720     47.97       192       970
   8  +2.34697998e+04             -Inf  100.00     32768     55.08       228      1087
   9  +2.34358694e+04             -Inf  100.00     34816     61.27       258      1237
  10  +2.34037844e+04             -Inf  100.00     36864     70.24       293      1925
  11  +2.33735523e+04             -Inf  100.00     38912     78.10       316      2436
  12  +2.33148631e+04             -Inf  100.00     40960     87.01       358      3046
  13  +2.32792011e+04             -Inf  100.00     43008     93.56       415      5754
  14  +2.32665857e+04             -Inf  100.00     45056    100.65       451      8001
  15  +2.32497473e+04             -Inf  100.00     47104    106.75       477      8750
  16  +2.32349398e+04             -Inf  100.00     49152    113.43       504     10443
  17  +2.32270872e+04             -Inf  100.00     51200    121.13       536     12859
  18  +2.32151427e+04             -Inf  100.00     53248    129.80       585     20679
  19  +2.32049664e+04             -Inf  100.00     55296    138.14       627     21423
  20  +2.31972742e+04             -Inf  100.00     57344    150.70       664     33469
  21  +2.31897328e+04             -Inf  100.00     59392    158.79       703     34525
  22  +2.31831110e+04             -Inf  100.00     61440    166.93       727     40961
  23  +2.31769415e+04             -Inf  100.00     63488    175.64       750     52715
  24  +2.31733246e+04             -Inf  100.00     65536    184.48       777     67047
  25  +2.31691873e+04             -Inf  100.00     67584    193.10       802     83838
  26  +2.31656887e+04             -Inf  100.00     69632    202.79       837    104471
  27  +2.31615964e+04             -Inf  100.00     71680    212.43       876    105417
  28  +2.31588252e+04             -Inf  100.00     73728    223.88       937    109397
  29  +2.31565257e+04             -Inf  100.00     75776    235.08       980    134781
  30  +2.31540513e+04             -Inf  100.00     77824    253.34      1023    154380
  31  +2.31528402e+04             -Inf  100.00     79872    265.60      1072    183642
  32  +2.31513091e+04             -Inf  100.00     81920    281.12      1135    239833
  33  +2.31498448e+04             -Inf  100.00     83968    297.58      1205    296515
  34  +2.31485416e+04             -Inf  100.00     86016    312.24      1253    329996
  35  +2.31474344e+04             -Inf  100.00     88064    327.98      1313    351278
  36  +2.31447439e+04             -Inf  100.00     90112    365.14      1405    416630
  37  +2.31442502e+04             -Inf  100.00     92160    389.46      1477    433168
  38  +2.31440414e+04             -Inf  100.00     94208    404.60      1527    449207
  39  +2.31433948e+04  -6.63602504e-01  100.00     94828    451.77      1597    488012
  40  +2.31433943e+04  +1.00168996e-04  100.00     94840    516.44      1718    570214
  41  +2.31433942e+04  +1.00168996e-04  100.00     95768    565.18      1786    593104
  42  +2.31433939e+04  +1.29953553e-04  100.00     95773    609.93      1837    615662
CG terminated with status OPTIMAL

Total time / MP: 195.84s
Total time / SP: 419.87s
Total time / CG: 646.77s
Inner barrier iterations: 1837
Inner simplex iterations: 615662
Pricing calls: 182147
