┌ Info: 
│   T = 24
└   R = 1024
[ Info: Saving RMP at iter 10
[ Info: Saving RMP at iter 20
[ Info: Saving RMP at iter 30
[ Info: Saving RMP at iter 40
MP solver: Gurobi

Iter      Primal Obj.       Dual bound    %Gap     #Cols   Time(s)   BarIter   SpxIter
   0  +1.07649236e+07             -Inf  100.00      1024      0.09         6         3
   1  +4.93770168e+06             -Inf  100.00      1152      0.51        14         6
   2  +2.20622741e+06             -Inf  100.00      1280      0.83        23         9
   3  +3.83712249e+05             -Inf  100.00      1408      1.23        37        12
   4  +1.52993876e+03             -Inf  100.00      1536      1.85        56        19
   5  +1.52168735e+03             -Inf  100.00      1664      2.14        72        34
   6  +1.51654423e+03             -Inf  100.00      1792      2.58        90        38
   7  +1.51455994e+03             -Inf  100.00      1920      2.90       109        42
   8  +1.50721523e+03             -Inf  100.00      2048      3.29       123        81
   9  +1.50038828e+03             -Inf  100.00      2176      3.75       140        93
  10  +1.49567061e+03             -Inf  100.00      2304      4.34       157       131
  11  +1.49295261e+03             -Inf  100.00      2432      4.71       174       160
  12  +1.49004476e+03             -Inf  100.00      2560      5.00       191       174
  13  +1.48722626e+03             -Inf  100.00      2688      5.42       206       311
  14  +1.48510406e+03             -Inf  100.00      2816      5.72       222       509
  15  +1.48340394e+03             -Inf  100.00      2944      6.06       242       604
  16  +1.48192475e+03             -Inf  100.00      3072      6.40       263      1035
  17  +1.48108621e+03             -Inf  100.00      3200      6.74       282      1114
  18  +1.48053802e+03             -Inf  100.00      3328      7.11       300      1248
  19  +1.47981568e+03             -Inf  100.00      3456      7.54       322      1560
  20  +1.47921908e+03             -Inf  100.00      3584      8.22       341      1843
  21  +1.47851246e+03             -Inf  100.00      3712      8.66       363      1875
  22  +1.47793782e+03             -Inf  100.00      3840      9.02       384      1992
  23  +1.47771257e+03             -Inf  100.00      3968      9.43       401      2045
  24  +1.47720185e+03             -Inf  100.00      4096      9.84       421      2868
  25  +1.47689057e+03             -Inf  100.00      4224     10.24       438      3060
  26  +1.47664619e+03             -Inf  100.00      4352     10.62       456      3353
  27  +1.47627115e+03             -Inf  100.00      4480     11.01       475      3937
  28  +1.47597369e+03             -Inf  100.00      4608     11.39       493      4188
  29  +1.47565378e+03             -Inf  100.00      4736     11.85       514      4566
  30  +1.47547384e+03             -Inf  100.00      4864     12.62       535      5626
  31  +1.47527602e+03             -Inf  100.00      4992     13.09       556      5708
  32  +1.47509386e+03             -Inf  100.00      5120     13.58       582      7272
  33  +1.47497523e+03             -Inf  100.00      5248     14.02       610      8314
  34  +1.47487752e+03             -Inf  100.00      5376     14.51       641      9882
  35  +1.47474449e+03             -Inf  100.00      5504     15.05       671     11549
  36  +1.47467106e+03             -Inf  100.00      5632     15.56       704     13603
  37  +1.47464532e+03             -Inf  100.00      5760     16.08       735     15668
  38  +1.47450694e+03             -Inf  100.00      5888     17.08       765     17476
  39  +1.47445915e+03             -Inf  100.00      6016     17.85       792     19207
  40  +1.47443502e+03             -Inf  100.00      6144     18.90       824     21140
  41  +1.47441704e+03             -Inf  100.00      6272     19.50       856     23297
  42  +1.47438865e+03             -Inf  100.00      6400     20.77       881     24698
  43  +1.47436496e+03  -2.45566983e-02  100.00      6421     22.93       904     26429
CG terminated with status SLOW_PROGRESS

Total time / MP: 4.46s
Total time / SP: 16.58s
Total time / CG: 22.93s
Inner barrier iterations: 904
Inner simplex iterations: 26429
Pricing calls: 8022
