┌ Info: 
│   T = 48
└   R = 4096
[ Info: Saving RMP at iter 10
[ Info: Saving RMP at iter 20
[ Info: Saving RMP at iter 30
[ Info: Saving RMP at iter 40
MP solver: Gurobi

Iter      Primal Obj.       Dual bound    %Gap     #Cols   Time(s)   BarIter   SpxIter
   0  +6.02293545e+07             -Inf  100.00      4096      0.15         6         3
   1  +2.18064819e+07             -Inf  100.00      4608      2.01        16         6
   2  +3.99422958e+06             -Inf  100.00      5120      3.73        32         9
   3  +1.23799281e+04             -Inf  100.00      5632      6.00        69        15
   4  +1.23253597e+04             -Inf  100.00      6144      7.71        90        24
   5  +1.22735172e+04             -Inf  100.00      6656     10.01       113        34
   6  +1.22628337e+04             -Inf  100.00      7168     12.31       137        39
   7  +1.22538324e+04             -Inf  100.00      7680     14.80       167       309
   8  +1.22388558e+04             -Inf  100.00      8192     17.26       189      1037
   9  +1.22229153e+04             -Inf  100.00      8704     19.75       213      1715
  10  +1.21918872e+04             -Inf  100.00      9216     23.63       232      2308
  11  +1.21587011e+04             -Inf  100.00      9728     25.92       252      4167
  12  +1.21392272e+04             -Inf  100.00     10240     28.79       272      4998
  13  +1.21229324e+04             -Inf  100.00     10752     31.61       292      5004
  14  +1.21095590e+04             -Inf  100.00     11264     34.39       313      6174
  15  +1.20992535e+04             -Inf  100.00     11776     37.24       333      6391
  16  +1.20820455e+04             -Inf  100.00     12288     40.10       354      8422
  17  +1.20647072e+04             -Inf  100.00     12800     43.08       378      9855
  18  +1.20565872e+04             -Inf  100.00     13312     46.20       401     10329
  19  +1.20474435e+04             -Inf  100.00     13824     49.27       426     10421
  20  +1.20401084e+04             -Inf  100.00     14336     54.45       455     10724
  21  +1.20333397e+04             -Inf  100.00     14848     57.91       478     12926
  22  +1.20259541e+04             -Inf  100.00     15360     61.84       504     14024
  23  +1.20226553e+04             -Inf  100.00     15872     65.02       523     14426
  24  +1.20195197e+04             -Inf  100.00     16384     68.62       554     14547
  25  +1.20169745e+04             -Inf  100.00     16896     72.11       578     16064
  26  +1.20148605e+04             -Inf  100.00     17408     74.97       603     16514
  27  +1.20113011e+04             -Inf  100.00     17920     78.39       626     16592
  28  +1.20090850e+04             -Inf  100.00     18432     82.07       653     17202
  29  +1.20066612e+04             -Inf  100.00     18944     86.01       685     17467
  30  +1.20042733e+04             -Inf  100.00     19456     92.26       710     17737
  31  +1.20013743e+04             -Inf  100.00     19968     96.07       734     21177
  32  +1.19999542e+04             -Inf  100.00     20480     99.97       760     22589
  33  +1.19989176e+04             -Inf  100.00     20992    103.72       781     23572
  34  +1.19977081e+04             -Inf  100.00     21504    107.77       810     23996
  35  +1.19954814e+04             -Inf  100.00     22016    111.83       836     24192
  36  +1.19931913e+04             -Inf  100.00     22528    115.68       860     24785
  37  +1.19918180e+04             -Inf  100.00     23040    120.37       884     27970
  38  +1.19904175e+04             -Inf  100.00     23552    124.61       909     32954
  39  +1.19895096e+04             -Inf  100.00     24064    128.59       929     34339
  40  +1.19884211e+04             -Inf  100.00     24576    136.21       957     37442
  41  +1.19877449e+04             -Inf  100.00     25088    140.55       981     41619
  42  +1.19870019e+04             -Inf  100.00     25600    144.26      1002     48082
  43  +1.19862815e+04             -Inf  100.00     26112    148.46      1022     51856
  44  +1.19856036e+04             -Inf  100.00     26624    152.97      1049     53043
  45  +1.19848416e+04             -Inf  100.00     27136    157.27      1072     55400
  46  +1.19840609e+04             -Inf  100.00     27648    161.99      1099     63268
  47  +1.19834798e+04             -Inf  100.00     28160    166.77      1128     64363
  48  +1.19829672e+04             -Inf  100.00     28672    171.46      1154     72501
  49  +1.19824466e+04             -Inf  100.00     29184    176.34      1183     77236
CG terminated with status SLOW_PROGRESS

Total time / MP: 60.80s
Total time / SP: 103.21s
Total time / CG: 176.34s
Inner barrier iterations: 1183
Inner simplex iterations: 77236
Pricing calls: 32685
