┌ Info: 
│   T = 48
└   R = 2048
[ Info: Saving RMP at iter 10
[ Info: Saving RMP at iter 20
[ Info: Saving RMP at iter 30
[ Info: Saving RMP at iter 40
MP solver: Gurobi

Iter      Primal Obj.       Dual bound    %Gap     #Cols   Time(s)   BarIter   SpxIter
   0  +3.17002923e+07             -Inf  100.00      2048      0.11         6         3
   1  +1.12935900e+07             -Inf  100.00      2304      1.07        18         6
   2  +1.94161651e+06             -Inf  100.00      2560      2.02        30         9
   3  +6.22461778e+03             -Inf  100.00      2816      3.19        49        16
   4  +6.18018783e+03             -Inf  100.00      3072      4.02        70        21
   5  +6.16869392e+03             -Inf  100.00      3328      5.19        93        69
   6  +6.16100238e+03             -Inf  100.00      3584      6.39       116       119
   7  +6.14964570e+03             -Inf  100.00      3840      7.54       134       153
   8  +6.14323951e+03             -Inf  100.00      4096      8.79       161       190
   9  +6.11407925e+03             -Inf  100.00      4352     10.09       179       305
  10  +6.10164135e+03             -Inf  100.00      4608     12.15       200       367
  11  +6.09344162e+03             -Inf  100.00      4864     13.29       219       390
  12  +6.08853807e+03             -Inf  100.00      5120     14.59       234       490
  13  +6.08143842e+03             -Inf  100.00      5376     15.91       250      1207
  14  +6.07146592e+03             -Inf  100.00      5632     17.31       272      1408
  15  +6.06478156e+03             -Inf  100.00      5888     18.41       287      1441
  16  +6.05845734e+03             -Inf  100.00      6144     19.83       308      1480
  17  +6.05285511e+03             -Inf  100.00      6400     21.23       328      1517
  18  +6.04887152e+03             -Inf  100.00      6656     22.67       347      2162
  19  +6.04647638e+03             -Inf  100.00      6912     24.14       369      2188
  20  +6.04314382e+03             -Inf  100.00      7168     26.54       388      2362
  21  +6.04142409e+03             -Inf  100.00      7424     28.07       408      2452
  22  +6.03974930e+03             -Inf  100.00      7680     29.58       426      3891
  23  +6.03840947e+03             -Inf  100.00      7936     31.17       448      3899
  24  +6.03728456e+03             -Inf  100.00      8192     32.79       472      3978
  25  +6.03640192e+03             -Inf  100.00      8448     34.33       493      5488
  26  +6.03352285e+03             -Inf  100.00      8704     35.84       511      5832
  27  +6.03174660e+03             -Inf  100.00      8960     37.43       530      7217
  28  +6.03094176e+03             -Inf  100.00      9216     39.17       551      9244
  29  +6.02993607e+03             -Inf  100.00      9472     40.80       570     11256
  30  +6.02888051e+03             -Inf  100.00      9728     43.69       589     12430
  31  +6.02792069e+03             -Inf  100.00      9984     45.39       607     13438
  32  +6.02665455e+03             -Inf  100.00     10240     47.08       626     13856
  33  +6.02588057e+03             -Inf  100.00     10496     48.90       650     14553
  34  +6.02537924e+03             -Inf  100.00     10752     50.59       668     14810
  35  +6.02421469e+03             -Inf  100.00     11008     52.35       687     15864
  36  +6.02371089e+03             -Inf  100.00     11264     53.99       712     19299
  37  +6.02319338e+03             -Inf  100.00     11520     55.71       729     20332
  38  +6.02247466e+03             -Inf  100.00     11776     57.51       750     20622
  39  +6.02194997e+03             -Inf  100.00     12032     59.36       772     21714
  40  +6.02156002e+03             -Inf  100.00     12288     62.85       795     22687
  41  +6.02109612e+03             -Inf  100.00     12544     64.98       821     23717
  42  +6.02075288e+03             -Inf  100.00     12800     66.89       840     24120
  43  +6.02041830e+03             -Inf  100.00     13056     68.86       859     26328
  44  +6.02003421e+03             -Inf  100.00     13312     70.96       885     28542
  45  +6.01969671e+03             -Inf  100.00     13568     72.81       912     29275
  46  +6.01952621e+03             -Inf  100.00     13824     74.92       932     33581
  47  +6.01931385e+03             -Inf  100.00     14080     77.00       954     37150
  48  +6.01906016e+03             -Inf  100.00     14336     79.16       979     41409
  49  +6.01892041e+03             -Inf  100.00     14592     81.28      1000     46391
CG terminated with status SLOW_PROGRESS

Total time / MP: 24.62s
Total time / SP: 50.69s
Total time / CG: 81.28s
Inner barrier iterations: 1000
Inner simplex iterations: 46391
Pricing calls: 16388
