┌ Info: 
│   T = 48
└   R = 8192
[ Info: Saving RMP at iter 10
[ Info: Saving RMP at iter 20
[ Info: Saving RMP at iter 30
[ Info: Saving RMP at iter 40
[ Info: Saving RMP at iter 50
MP solver: Gurobi

Iter      Primal Obj.       Dual bound    %Gap     #Cols   Time(s)   BarIter   SpxIter
   0  +1.25676791e+08             -Inf  100.00      8192      0.20         6         3
   1  +4.41072611e+07             -Inf  100.00      9216      4.53        18         6
   2  +8.11445061e+06             -Inf  100.00     10240      8.14        33         9
   3  +2.49791161e+04             -Inf  100.00     11264     12.52        77        46
   4  +2.48679475e+04             -Inf  100.00     12288     16.13       102       112
   5  +2.48001161e+04             -Inf  100.00     13312     20.83       129       122
   6  +2.47036091e+04             -Inf  100.00     14336     25.83       173       291
   7  +2.46583488e+04             -Inf  100.00     15360     30.04       208       381
   8  +2.46394992e+04             -Inf  100.00     16384     34.37       241       854
   9  +2.46009126e+04             -Inf  100.00     17408     40.91       274      1787
  10  +2.45037486e+04             -Inf  100.00     18432     48.57       294      4139
  11  +2.44456619e+04             -Inf  100.00     19456     54.47       319      4387
  12  +2.44031042e+04             -Inf  100.00     20480     59.58       338      4480
  13  +2.43849804e+04             -Inf  100.00     21504     65.16       355      5623
  14  +2.43549956e+04             -Inf  100.00     22528     71.22       382      9039
  15  +2.43125296e+04             -Inf  100.00     23552     77.08       403      9053
  16  +2.42780423e+04             -Inf  100.00     24576     83.08       425     10681
  17  +2.42527020e+04             -Inf  100.00     25600     89.49       451     13846
  18  +2.42373576e+04             -Inf  100.00     26624     96.30       481     14571
  19  +2.42307414e+04             -Inf  100.00     27648    101.70       502     15092
  20  +2.42158192e+04             -Inf  100.00     28672    112.70       532     20474
  21  +2.41961521e+04             -Inf  100.00     29696    119.56       551     24114
  22  +2.41763127e+04             -Inf  100.00     30720    126.24       572     24402
  23  +2.41679762e+04             -Inf  100.00     31744    133.04       594     25303
  24  +2.41603815e+04             -Inf  100.00     32768    141.46       616     29558
  25  +2.41506393e+04             -Inf  100.00     33792    148.40       636     31979
  26  +2.41441021e+04             -Inf  100.00     34816    155.72       660     39697
  27  +2.41375854e+04             -Inf  100.00     35840    163.53       688     43490
  28  +2.41299931e+04             -Inf  100.00     36864    171.28       714     44328
  29  +2.41257993e+04             -Inf  100.00     37888    178.87       748     47489
  30  +2.41236358e+04             -Inf  100.00     38912    191.45       769     47803
  31  +2.41208809e+04             -Inf  100.00     39936    199.83       797     52026
  32  +2.41177505e+04             -Inf  100.00     40960    207.60       818     53115
  33  +2.41118042e+04             -Inf  100.00     41984    216.02       845     63464
  34  +2.41083866e+04             -Inf  100.00     43008    223.95       865     67688
  35  +2.41043242e+04             -Inf  100.00     44032    232.83       896     70906
  36  +2.41025324e+04             -Inf  100.00     45056    241.07       916     77709
  37  +2.41002553e+04             -Inf  100.00     46080    251.53       947    115302
  38  +2.40969200e+04             -Inf  100.00     47104    260.71       974    126877
  39  +2.40938708e+04             -Inf  100.00     48128    269.92      1002    139745
  40  +2.40916810e+04             -Inf  100.00     49152    285.58      1029    149449
  41  +2.40896960e+04             -Inf  100.00     50176    295.68      1060    153771
  42  +2.40882297e+04             -Inf  100.00     51200    305.12      1088    154997
  43  +2.40868439e+04             -Inf  100.00     52224    315.59      1124    167242
  44  +2.40855984e+04             -Inf  100.00     53248    325.06      1151    173672
  45  +2.40841189e+04             -Inf  100.00     54272    335.34      1182    182708
  46  +2.40829397e+04             -Inf  100.00     55296    343.99      1206    199015
  47  +2.40816516e+04             -Inf  100.00     56320    353.59      1231    210843
  48  +2.40805954e+04             -Inf  100.00     57344    364.56      1264    225120
  49  +2.40796571e+04             -Inf  100.00     58368    374.66      1290    234334
  50  +2.40784356e+04             -Inf  100.00     59392    392.64      1317    239129
CG terminated with status SLOW_PROGRESS

Total time / MP: 148.13s
Total time / SP: 212.27s
Total time / CG: 392.64s
Inner barrier iterations: 1317
Inner simplex iterations: 239129
Pricing calls: 66384
