┌ Info: 
│   T = 48
└   R = 1024
[ Info: Saving RMP at iter 10
[ Info: Saving RMP at iter 20
[ Info: Saving RMP at iter 30
[ Info: Saving RMP at iter 40
MP solver: Gurobi

Iter      Primal Obj.       Dual bound    %Gap     #Cols   Time(s)   BarIter   SpxIter
   0  +1.42665509e+07             -Inf  100.00      1024      0.11         6         3
   1  +5.03698669e+06             -Inf  100.00      1152      0.62        15         6
   2  +6.87447508e+05             -Inf  100.00      1280      1.08        26         9
   3  +3.06253267e+03             -Inf  100.00      1408      1.61        41        13
   4  +3.05142897e+03             -Inf  100.00      1536      2.02        59        17
   5  +3.03813822e+03             -Inf  100.00      1664      2.59        74        29
   6  +3.03584276e+03             -Inf  100.00      1792      3.20        93        33
   7  +3.03263577e+03             -Inf  100.00      1920      3.78       111        99
   8  +3.02828334e+03             -Inf  100.00      2048      4.39       130       122
   9  +3.02469285e+03             -Inf  100.00      2176      5.02       147       158
  10  +3.01891591e+03             -Inf  100.00      2304      6.00       163       217
  11  +3.01083567e+03             -Inf  100.00      2432      6.75       181       257
  12  +3.00112200e+03             -Inf  100.00      2560      7.39       198       470
  13  +2.99839333e+03             -Inf  100.00      2688      8.06       215       629
  14  +2.99608162e+03             -Inf  100.00      2816      8.71       231       654
  15  +2.99328968e+03             -Inf  100.00      2944      9.39       247       815
  16  +2.99086238e+03             -Inf  100.00      3072     10.05       263       904
  17  +2.98954094e+03             -Inf  100.00      3200     10.73       278       921
  18  +2.98736478e+03             -Inf  100.00      3328     11.41       293      1152
  19  +2.98546597e+03             -Inf  100.00      3456     12.11       307      1194
  20  +2.98474230e+03             -Inf  100.00      3584     13.34       324      1774
  21  +2.98335672e+03             -Inf  100.00      3712     14.13       343      2510
  22  +2.98212016e+03             -Inf  100.00      3840     14.71       361      2535
  23  +2.98136492e+03             -Inf  100.00      3968     15.46       378      3239
  24  +2.98063068e+03             -Inf  100.00      4096     16.23       397      3430
  25  +2.98007298e+03             -Inf  100.00      4224     17.01       417      4017
  26  +2.97944669e+03             -Inf  100.00      4352     17.79       436      4020
  27  +2.97903799e+03             -Inf  100.00      4480     18.58       454      4263
  28  +2.97862899e+03             -Inf  100.00      4608     19.42       476      5476
  29  +2.97798042e+03             -Inf  100.00      4736     20.24       496      5564
  30  +2.97762633e+03             -Inf  100.00      4864     21.67       517      6064
  31  +2.97701449e+03             -Inf  100.00      4992     22.52       536      6419
  32  +2.97637099e+03             -Inf  100.00      5120     23.52       554      7399
  33  +2.97595065e+03             -Inf  100.00      5248     24.24       574      7509
  34  +2.97546569e+03             -Inf  100.00      5376     25.07       591      7549
  35  +2.97507677e+03             -Inf  100.00      5504     25.93       610      8475
  36  +2.97469278e+03             -Inf  100.00      5632     26.74       630      8826
  37  +2.97437031e+03             -Inf  100.00      5760     27.56       646      8999
  38  +2.97406712e+03             -Inf  100.00      5888     28.44       667     10648
  39  +2.97385474e+03             -Inf  100.00      6016     29.31       687     11200
  40  +2.97364249e+03             -Inf  100.00      6144     31.04       709     12643
  41  +2.97345267e+03             -Inf  100.00      6272     31.99       732     14013
  42  +2.97322407e+03             -Inf  100.00      6400     32.98       759     14952
  43  +2.97308459e+03             -Inf  100.00      6528     33.90       781     15246
  44  +2.97285434e+03             -Inf  100.00      6656     34.82       800     16083
  45  +2.97264091e+03             -Inf  100.00      6784     35.78       824     16274
  46  +2.97250580e+03             -Inf  100.00      6912     36.75       842     16501
  47  +2.97231384e+03             -Inf  100.00      7040     37.73       866     17304
  48  +2.97220410e+03             -Inf  100.00      7168     38.73       885     19244
  49  +2.97207209e+03             -Inf  100.00      7296     39.81       909     19922
CG terminated with status SLOW_PROGRESS

Total time / MP: 10.85s
Total time / SP: 25.73s
Total time / CG: 39.81s
Inner barrier iterations: 909
Inner simplex iterations: 19922
Pricing calls: 8372
