┌ Info: 
│   T = 48
└   R = 32768
[ Info: Saving RMP at iter 10
[ Info: Saving RMP at iter 20
[ Info: Saving RMP at iter 30
[ Info: Saving RMP at iter 40
MP solver: Gurobi

Iter      Primal Obj.       Dual bound    %Gap     #Cols   Time(s)   BarIter   SpxIter
   0  +4.83061545e+08             -Inf  100.00     32768      0.55         6         3
   1  +1.72208590e+08             -Inf  100.00     36864     15.28        20         6
   2  +3.00470531e+07             -Inf  100.00     40960     29.85        55        12
   3  +9.89664452e+04             -Inf  100.00     45056     48.49        89        22
   4  +9.85426378e+04             -Inf  100.00     49152     64.35       116       196
   5  +9.81282372e+04             -Inf  100.00     53248     84.28       145       232
   6  +9.80580897e+04             -Inf  100.00     57344    102.92       193       433
   7  +9.79818134e+04             -Inf  100.00     61440    124.99       233       524
   8  +9.78567646e+04             -Inf  100.00     65536    148.10       273      4459
   9  +9.76596725e+04             -Inf  100.00     69632    171.69       308      4497
  10  +9.73213359e+04             -Inf  100.00     73728    206.53       343      4753
  11  +9.70454515e+04             -Inf  100.00     77824    230.75       367     14729
  12  +9.68897334e+04             -Inf  100.00     81920    253.41       387     17539
  13  +9.68156912e+04             -Inf  100.00     86016    280.34       414     18094
  14  +9.67085250e+04             -Inf  100.00     90112    308.00       441     19892
  15  +9.66467113e+04             -Inf  100.00     94208    331.76       468     19964
  16  +9.65287983e+04             -Inf  100.00     98304    360.38       496     21354
  17  +9.63715120e+04             -Inf  100.00    102400    392.25       524     26504
  18  +9.63156163e+04             -Inf  100.00    106496    422.78       547     43207
  19  +9.62582400e+04             -Inf  100.00    110592    453.69       575     44484
  20  +9.62079055e+04             -Inf  100.00    114688    500.45       599     64277
  21  +9.61674858e+04             -Inf  100.00    118784    533.10       624     76424
  22  +9.61280116e+04             -Inf  100.00    122880    566.85       650     78166
  23  +9.60979912e+04             -Inf  100.00    126976    601.31       675     94887
  24  +9.60779218e+04             -Inf  100.00    131072    636.31       697    111373
  25  +9.60605597e+04             -Inf  100.00    135168    676.46       735    129663
  26  +9.60279642e+04             -Inf  100.00    139264    711.99       761    130483
  27  +9.60014146e+04             -Inf  100.00    143360    752.95       795    159859
  28  +9.59834990e+04             -Inf  100.00    147456    794.98       834    160408
  29  +9.59697864e+04             -Inf  100.00    151552    836.08       866    161060
  30  +9.59527941e+04             -Inf  100.00    155648    899.49       903    162896
  31  +9.59408829e+04             -Inf  100.00    159744    948.52       944    195754
  32  +9.59261919e+04             -Inf  100.00    163840    998.51       986    198677
  33  +9.59136927e+04             -Inf  100.00    167936   1049.78      1032    215032
  34  +9.59015319e+04             -Inf  100.00    172032   1102.53      1067    256954
  35  +9.58910334e+04             -Inf  100.00    176128   1148.47      1093    298524
  36  +9.58803486e+04             -Inf  100.00    180224   1196.41      1131    298940
  37  +9.58711643e+04             -Inf  100.00    184320   1239.98      1167    306280
  38  +9.58619820e+04             -Inf  100.00    188416   1288.70      1197    331869
  39  +9.58559357e+04             -Inf  100.00    192512   1344.38      1243    333525
  40  +9.58482514e+04             -Inf  100.00    196608   1417.29      1268    342173
  41  +9.58393725e+04             -Inf  100.00    200704   1470.86      1295    404999
  42  +9.58348891e+04             -Inf  100.00    204800   1532.01      1342    405976
  43  +9.58284509e+04             -Inf  100.00    208896   1581.53      1366    422362
  44  +9.58235067e+04             -Inf  100.00    212992   1658.15      1430    448908
  45  +9.58195223e+04             -Inf  100.00    217088   1714.18      1462    497646
  46  +9.58130746e+04             -Inf  100.00    221184   1768.44      1494    552052
  47  +9.58083164e+04             -Inf  100.00    225280   1821.64      1527    576524
CG terminated with status SLOW_PROGRESS

Total time / MP: 853.82s
Total time / SP: 870.19s
Total time / CG: 1821.64s
Inner barrier iterations: 1527
Inner simplex iterations: 576524
Pricing calls: 251604
