┌ Info: 
│   T = 48
└   R = 16384
[ Info: Saving RMP at iter 10
[ Info: Saving RMP at iter 20
[ Info: Saving RMP at iter 30
[ Info: Saving RMP at iter 40
MP solver: Gurobi

Iter      Primal Obj.       Dual bound    %Gap     #Cols   Time(s)   BarIter   SpxIter
   0  +2.39018127e+08             -Inf  100.00     16384      0.66         6         3
   1  +8.03189798e+07             -Inf  100.00     18432      7.83        18         6
   2  +1.33264438e+07             -Inf  100.00     20480     15.19        41         9
   3  +4.94886904e+04             -Inf  100.00     22528     24.45        73        34
   4  +4.91985793e+04             -Inf  100.00     24576     31.85        94        49
   5  +4.90850807e+04             -Inf  100.00     26624     41.77       133        90
   6  +4.89856341e+04             -Inf  100.00     28672     51.88       169      1254
   7  +4.88870606e+04             -Inf  100.00     30720     61.00       221      1655
   8  +4.87889012e+04             -Inf  100.00     32768     71.65       250      3051
   9  +4.87423670e+04             -Inf  100.00     34816     83.22       292      3385
  10  +4.86998374e+04             -Inf  100.00     36864     99.92       326      4409
  11  +4.85853364e+04             -Inf  100.00     38912    111.73       350      5066
  12  +4.83942369e+04             -Inf  100.00     40960    121.29       368      5452
  13  +4.82862703e+04             -Inf  100.00     43008    134.35       394      6615
  14  +4.82438971e+04             -Inf  100.00     45056    146.65       422      7491
  15  +4.81782507e+04             -Inf  100.00     47104    159.35       450      9454
  16  +4.81376594e+04             -Inf  100.00     49152    173.82       476     10294
  17  +4.80890673e+04             -Inf  100.00     51200    187.64       505     15447
  18  +4.80679745e+04             -Inf  100.00     53248    202.00       535     21478
  19  +4.80467521e+04             -Inf  100.00     55296    216.40       563     27031
  20  +4.80312609e+04             -Inf  100.00     57344    238.23       585     27853
  21  +4.80075640e+04             -Inf  100.00     59392    252.87       613     28101
  22  +4.79915078e+04             -Inf  100.00     61440    268.33       646     30762
  23  +4.79737914e+04             -Inf  100.00     63488    283.68       677     30824
  24  +4.79687784e+04             -Inf  100.00     65536    297.54       706     36595
  25  +4.79538686e+04             -Inf  100.00     67584    313.19       733     39093
  26  +4.79408337e+04             -Inf  100.00     69632    329.39       759     54658
  27  +4.79308433e+04             -Inf  100.00     71680    346.81       793     56834
  28  +4.79210826e+04             -Inf  100.00     73728    362.83       815     66449
  29  +4.79139666e+04             -Inf  100.00     75776    381.35       854     66453
  30  +4.79057644e+04             -Inf  100.00     77824    408.54       876     80374
  31  +4.79002357e+04             -Inf  100.00     79872    427.32       905     86774
  32  +4.78950762e+04             -Inf  100.00     81920    446.70       940     92888
  33  +4.78876006e+04             -Inf  100.00     83968    464.58       964    112791
  34  +4.78754424e+04             -Inf  100.00     86016    482.22       989    116573
  35  +4.78700107e+04             -Inf  100.00     88064    499.36      1011    118152
  36  +4.78652150e+04             -Inf  100.00     90112    517.65      1042    134488
  37  +4.78599137e+04             -Inf  100.00     92160    535.92      1063    151323
  38  +4.78552975e+04             -Inf  100.00     94208    555.36      1092    171399
  39  +4.78523290e+04             -Inf  100.00     96256    574.79      1121    182005
  40  +4.78487186e+04             -Inf  100.00     98304    608.12      1145    191848
  41  +4.78458067e+04             -Inf  100.00    100352    627.89      1177    205176
  42  +4.78433294e+04             -Inf  100.00    102400    649.41      1206    238074
  43  +4.78405441e+04             -Inf  100.00    104448    685.18      1249    325377
  44  +4.78377506e+04             -Inf  100.00    106496    707.19      1282    337342
  45  +4.78359414e+04             -Inf  100.00    108544    731.07      1316    372464
  46  +4.78344376e+04             -Inf  100.00    110592    755.21      1353    394769
  47  +4.78333565e+04             -Inf  100.00    112640    780.74      1388    431553
  48  +4.78324988e+04             -Inf  100.00    114688    820.78      1427    529183
CG terminated with status SLOW_PROGRESS

Total time / MP: 355.35s
Total time / SP: 418.32s
Total time / CG: 820.78s
Inner barrier iterations: 1427
Inner simplex iterations: 529183
Pricing calls: 129480
