┌ Info: 
│   T = 96
└   R = 8192
[ Info: Saving RMP at iter 10
[ Info: Saving RMP at iter 20
[ Info: Saving RMP at iter 30
[ Info: Saving RMP at iter 40
[ Info: Saving RMP at iter 50
[ Info: Saving RMP at iter 60
MP solver: Gurobi

Iter      Primal Obj.       Dual bound    %Gap     #Cols   Time(s)   BarIter   SpxIter
   0  +1.84419950e+08             -Inf  100.00      8192      0.32         6         3
   1  +6.08378533e+07             -Inf  100.00      9216      7.50        17         6
   2  +9.88478647e+06             -Inf  100.00     10240     14.87        29         9
   3  +5.70405748e+04             -Inf  100.00     11264     24.08        54        20
   4  +5.67401312e+04             -Inf  100.00     12288     33.31        85        35
   5  +5.65636373e+04             -Inf  100.00     13312     42.60       116       305
   6  +5.64478002e+04             -Inf  100.00     14336     52.05       158       447
   7  +5.64053501e+04             -Inf  100.00     15360     60.82       183       529
   8  +5.63610278e+04             -Inf  100.00     16384     71.18       209       841
   9  +5.63122470e+04             -Inf  100.00     17408     81.99       242      1220
  10  +5.62691147e+04             -Inf  100.00     18432     98.90       274      1420
  11  +5.62321475e+04             -Inf  100.00     19456    109.79       304      2028
  12  +5.62092735e+04             -Inf  100.00     20480    121.54       332      2490
  13  +5.61392434e+04             -Inf  100.00     21504    133.01       354      2603
  14  +5.60913392e+04             -Inf  100.00     22528    146.01       379      2830
  15  +5.60073946e+04             -Inf  100.00     23552    157.97       407      3028
  16  +5.59245313e+04             -Inf  100.00     24576    172.39       435      4925
  17  +5.58858817e+04             -Inf  100.00     25600    185.79       455      7188
  18  +5.58628222e+04             -Inf  100.00     26624    199.75       479      8957
  19  +5.58199362e+04             -Inf  100.00     27648    215.52       506      9271
  20  +5.57915687e+04             -Inf  100.00     28672    238.20       530     14821
  21  +5.57818771e+04             -Inf  100.00     29696    252.91       556     15102
  22  +5.57599746e+04             -Inf  100.00     30720    267.48       579     15357
  23  +5.57367819e+04             -Inf  100.00     31744    285.55       614     17403
  24  +5.57242084e+04             -Inf  100.00     32768    303.63       646     21913
  25  +5.57078662e+04             -Inf  100.00     33792    319.65       676     22757
  26  +5.56964881e+04             -Inf  100.00     34816    338.19       706     23130
  27  +5.56865322e+04             -Inf  100.00     35840    355.69       730     28750
  28  +5.56767454e+04             -Inf  100.00     36864    372.19       756     33739
  29  +5.56666563e+04             -Inf  100.00     37888    388.38       780     38578
  30  +5.56586777e+04             -Inf  100.00     38912    414.90       802     46800
  31  +5.56521656e+04             -Inf  100.00     39936    433.78       829     54593
  32  +5.56453906e+04             -Inf  100.00     40960    451.99       852     58560
  33  +5.56365965e+04             -Inf  100.00     41984    470.93       876     66411
  34  +5.56264868e+04             -Inf  100.00     43008    492.66       906     73381
  35  +5.56159093e+04             -Inf  100.00     44032    513.65       933     73480
  36  +5.56047978e+04             -Inf  100.00     45056    536.00       966     73598
  37  +5.55956972e+04             -Inf  100.00     46080    557.66       996     74076
  38  +5.55895816e+04             -Inf  100.00     47104    581.82      1023     82744
  39  +5.55832614e+04             -Inf  100.00     48128    605.01      1057     82747
  40  +5.55791506e+04             -Inf  100.00     49152    643.73      1090     82874
  41  +5.55721768e+04             -Inf  100.00     50176    665.65      1114     91609
  42  +5.55636347e+04             -Inf  100.00     51200    688.20      1141    104201
  43  +5.55567124e+04             -Inf  100.00     52224    710.34      1170    118987
  44  +5.55510598e+04             -Inf  100.00     53248    735.83      1197    129473
  45  +5.55459730e+04             -Inf  100.00     54272    763.52      1234    131119
  46  +5.55425388e+04             -Inf  100.00     55296    787.14      1265    131176
  47  +5.55387283e+04             -Inf  100.00     56320    812.29      1292    142801
  48  +5.55339039e+04             -Inf  100.00     57344    836.33      1314    156652
  49  +5.55279652e+04             -Inf  100.00     58368    866.08      1350    157771
  50  +5.55245432e+04             -Inf  100.00     59392    909.14      1379    164183
  51  +5.55212644e+04             -Inf  100.00     60416    934.93      1408    164228
  52  +5.55185353e+04             -Inf  100.00     61440    966.86      1443    218502
  53  +5.55160636e+04             -Inf  100.00     62464    992.33      1472    218751
  54  +5.55128374e+04             -Inf  100.00     63488   1020.47      1507    221721
  55  +5.55099368e+04             -Inf  100.00     64512   1047.48      1538    223298
  56  +5.55073000e+04             -Inf  100.00     65536   1076.96      1573    224953
  57  +5.55048389e+04             -Inf  100.00     66560   1108.17      1610    226529
  58  +5.55031968e+04             -Inf  100.00     67584   1136.11      1639    226716
  59  +5.55016858e+04             -Inf  100.00     68608   1169.67      1683    228307
  60  +5.54997118e+04             -Inf  100.00     69632   1215.92      1710    245451
CG terminated with status SLOW_PROGRESS

Total time / MP: 603.39s
Total time / SP: 529.92s
Total time / CG: 1215.92s
Inner barrier iterations: 1710
Inner simplex iterations: 245451
Pricing calls: 72590
