┌ Info: 
│   T = 96
└   R = 2048
[ Info: Saving RMP at iter 10
[ Info: Saving RMP at iter 20
[ Info: Saving RMP at iter 30
[ Info: Saving RMP at iter 40
[ Info: Saving RMP at iter 50
MP solver: Gurobi

Iter      Primal Obj.       Dual bound    %Gap     #Cols   Time(s)   BarIter   SpxIter
   0  +5.49757271e+07             -Inf  100.00      2048      0.15         6         3
   1  +1.98128333e+07             -Inf  100.00      2304      2.05        16         6
   2  +5.27062550e+06             -Inf  100.00      2560      3.86        28         9
   3  +1.46909248e+04             -Inf  100.00      2816      5.86        46        30
   4  +1.46517374e+04             -Inf  100.00      3072      7.81        63        37
   5  +1.45853970e+04             -Inf  100.00      3328      9.85        81        60
   6  +1.45524172e+04             -Inf  100.00      3584     12.00        99       102
   7  +1.45388410e+04             -Inf  100.00      3840     14.21       118       219
   8  +1.45192697e+04             -Inf  100.00      4096     16.39       140       270
   9  +1.44860169e+04             -Inf  100.00      4352     18.68       161       322
  10  +1.44662497e+04             -Inf  100.00      4608     22.25       184       398
  11  +1.44540475e+04             -Inf  100.00      4864     24.64       204       450
  12  +1.44426397e+04             -Inf  100.00      5120     27.41       230       475
  13  +1.44266923e+04             -Inf  100.00      5376     29.77       247       510
  14  +1.43985464e+04             -Inf  100.00      5632     32.30       262       733
  15  +1.43678985e+04             -Inf  100.00      5888     35.15       279       802
  16  +1.43444308e+04             -Inf  100.00      6144     38.10       298       860
  17  +1.43354635e+04             -Inf  100.00      6400     40.80       317       993
  18  +1.43303789e+04             -Inf  100.00      6656     43.98       338      1459
  19  +1.43199537e+04             -Inf  100.00      6912     47.28       361      2026
  20  +1.43150508e+04             -Inf  100.00      7168     52.41       379      2086
  21  +1.43093162e+04             -Inf  100.00      7424     55.47       397      3130
  22  +1.43022859e+04             -Inf  100.00      7680     58.71       414      3171
  23  +1.42984689e+04             -Inf  100.00      7936     62.05       431      3729
  24  +1.42930300e+04             -Inf  100.00      8192     65.37       448      4017
  25  +1.42906079e+04             -Inf  100.00      8448     69.14       467      4179
  26  +1.42877535e+04             -Inf  100.00      8704     72.51       484      6012
  27  +1.42838692e+04             -Inf  100.00      8960     76.09       502      7651
  28  +1.42819834e+04             -Inf  100.00      9216     79.50       520      7910
  29  +1.42798006e+04             -Inf  100.00      9472     83.37       539      9466
  30  +1.42770797e+04             -Inf  100.00      9728     89.96       560     10864
  31  +1.42741457e+04             -Inf  100.00      9984     93.54       578     11476
  32  +1.42715774e+04             -Inf  100.00     10240     97.46       596     11754
  33  +1.42687666e+04             -Inf  100.00     10496    101.58       613     11910
  34  +1.42670166e+04             -Inf  100.00     10752    106.02       632     12154
  35  +1.42649706e+04             -Inf  100.00     11008    110.15       653     12213
  36  +1.42629708e+04             -Inf  100.00     11264    114.24       673     13293
  37  +1.42606019e+04             -Inf  100.00     11520    118.74       694     14533
  38  +1.42590687e+04             -Inf  100.00     11776    123.08       714     17057
  39  +1.42565438e+04             -Inf  100.00     12032    127.60       735     17462
  40  +1.42549108e+04             -Inf  100.00     12288    135.22       756     20700
  41  +1.42535661e+04             -Inf  100.00     12544    140.23       780     20725
  42  +1.42518531e+04             -Inf  100.00     12800    144.90       801     21271
  43  +1.42491799e+04             -Inf  100.00     13056    150.14       828     21509
  44  +1.42477427e+04             -Inf  100.00     13312    155.33       853     21941
  45  +1.42458500e+04             -Inf  100.00     13568    160.46       875     23236
  46  +1.42450804e+04             -Inf  100.00     13824    165.49       897     25687
  47  +1.42442350e+04             -Inf  100.00     14080    170.41       916     28538
  48  +1.42434549e+04             -Inf  100.00     14336    175.64       940     29884
  49  +1.42424669e+04             -Inf  100.00     14592    180.87       959     33211
  50  +1.42412927e+04             -Inf  100.00     14848    190.08       980     37054
  51  +1.42401408e+04             -Inf  100.00     15104    195.42       999     39877
  52  +1.42393259e+04             -Inf  100.00     15360    200.99      1022     40089
  53  +1.42387880e+04             -Inf  100.00     15616    206.50      1042     43514
  54  +1.42381004e+04             -Inf  100.00     15872    212.07      1064     43518
  55  +1.42377103e+04             -Inf  100.00     16128    217.99      1089     44793
  56  +1.42368111e+04             -Inf  100.00     16384    223.41      1110     47029
CG terminated with status SLOW_PROGRESS

Total time / MP: 90.85s
Total time / SP: 116.96s
Total time / CG: 223.41s
Inner barrier iterations: 1110
Inner simplex iterations: 47029
Pricing calls: 16715
