nohup: ignoring input
┌ Info: 
│   T = 96
└   R = 32768
[ Info: Saving RMP at iter 10
[ Info: Saving RMP at iter 20
[ Info: Saving RMP at iter 30
[ Info: Saving RMP at iter 40
[ Info: Saving RMP at iter 50
MP solver: Gurobi

Iter      Primal Obj.       Dual bound    %Gap     #Cols   Time(s)   BarIter   SpxIter
   0  +7.83177006e+08             -Inf  100.00     32768      1.25         6         3
   1  +2.65984831e+08             -Inf  100.00     36864     31.11        17         6
   2  +5.07879427e+07             -Inf  100.00     40960     73.28        41         9
   3  +2.30345963e+05             -Inf  100.00     45056    108.33        88        20
   4  +2.29124745e+05             -Inf  100.00     49152    145.35       111       371
   5  +2.28183555e+05             -Inf  100.00     53248    181.45       133       673
   6  +2.27706014e+05             -Inf  100.00     57344    235.86       173      1939
   7  +2.27547378e+05             -Inf  100.00     61440    283.60       204      5454
   8  +2.27383923e+05             -Inf  100.00     65536    335.26       256      7796
   9  +2.27213589e+05             -Inf  100.00     69632    386.13       294      8773
  10  +2.26967814e+05             -Inf  100.00     73728    466.41       329      8943
  11  +2.26720483e+05             -Inf  100.00     77824    520.29       357     11558
  12  +2.26469039e+05             -Inf  100.00     81920    580.67       386     17142
  13  +2.25974028e+05             -Inf  100.00     86016    643.36       414     18737
  14  +2.25732336e+05             -Inf  100.00     90112    718.46       441     20381
  15  +2.25602987e+05             -Inf  100.00     94208    780.78       470     24592
  16  +2.25482128e+05             -Inf  100.00     98304    849.01       523     27998
  17  +2.25362470e+05             -Inf  100.00    102400    915.05       556     30793
  18  +2.25224762e+05             -Inf  100.00    106496    985.76       585     32696
  19  +2.25117447e+05             -Inf  100.00    110592   1066.26       615     40741
  20  +2.25044665e+05             -Inf  100.00    114688   1166.06       637     42781
  21  +2.24922191e+05             -Inf  100.00    118784   1239.42       667     44984
  22  +2.24850067e+05             -Inf  100.00    122880   1324.34       697     60067
  23  +2.24770179e+05             -Inf  100.00    126976   1428.02       732     61047
  24  +2.24694032e+05             -Inf  100.00    131072   1513.45       765     86085
  25  +2.24610122e+05             -Inf  100.00    135168   1603.06       791    112022
  26  +2.24557642e+05             -Inf  100.00    139264   1686.94       822    120817
  27  +2.24509254e+05             -Inf  100.00    143360   1794.03       854    126756
  28  +2.24474107e+05             -Inf  100.00    147456   1890.76       886    134508
  29  +2.24443211e+05             -Inf  100.00    151552   1988.15       913    163684
  30  +2.24395749e+05             -Inf  100.00    155648   2125.99       943    180905
  31  +2.24333298e+05             -Inf  100.00    159744   2239.85       978    182291
  32  +2.24306590e+05             -Inf  100.00    163840   2352.93      1016    224992
  33  +2.24282765e+05             -Inf  100.00    167936   2506.46      1064    359049
  34  +2.24254311e+05             -Inf  100.00    172032   2622.99      1104    371690
  35  +2.24226123e+05             -Inf  100.00    176128   2741.67      1137    392886
  36  +2.24198864e+05             -Inf  100.00    180224   2843.93      1163    417448
  37  +2.24171915e+05             -Inf  100.00    184320   2955.80      1199    423060
  38  +2.24147280e+05             -Inf  100.00    188416   3063.01      1225    462881
  39  +2.24124443e+05             -Inf  100.00    192512   3182.72      1253    463319
  40  +2.24105532e+05             -Inf  100.00    196608   3360.41      1284    502618
  41  +2.24087763e+05             -Inf  100.00    200704   3486.43      1319    503311
  42  +2.24069657e+05             -Inf  100.00    204800   3608.47      1352    503974
  43  +2.24031056e+05             -Inf  100.00    208896   3749.92      1394    504662
  44  +2.24009974e+05             -Inf  100.00    212992   3921.45      1448    506194
  45  +2.23994515e+05             -Inf  100.00    217088   4196.10      1507    691347
  46  +2.23978487e+05             -Inf  100.00    221184   4442.68      1552    880384
  47  +2.23968291e+05             -Inf  100.00    225280   4590.20      1593    881283
  48  +2.23947360e+05             -Inf  100.00    229376   4807.30      1661    886822
  49  +2.23937624e+05             -Inf  100.00    233472   4960.64      1703    888432
  50  +2.23928505e+05             -Inf  100.00    237568   5172.72      1737    953731
  51  +2.23917412e+05             -Inf  100.00    241664   5376.60      1779   1163196
  52  +2.23906805e+05             -Inf  100.00    245760   5647.56      1826   1377445
  53  +2.23887260e+05             -Inf  100.00    249856   5862.01      1861   1595162
  54  +2.23877260e+05             -Inf  100.00    253952   6162.02      1918   1817875
CG terminated with status SLOW_PROGRESS

Total time / MP: 3657.19s
Total time / SP: 2163.69s
Total time / CG: 6162.02s
Inner barrier iterations: 1918
Inner simplex iterations: 1817875
Pricing calls: 264709
