┌ Info: 
│   T = 96
└   R = 4096
[ Info: Saving RMP at iter 10
[ Info: Saving RMP at iter 20
[ Info: Saving RMP at iter 30
[ Info: Saving RMP at iter 40
[ Info: Saving RMP at iter 50
MP solver: Gurobi

Iter      Primal Obj.       Dual bound    %Gap     #Cols   Time(s)   BarIter   SpxIter
   0  +1.02272387e+08             -Inf  100.00      4096      0.19         6         3
   1  +3.66662552e+07             -Inf  100.00      4608      3.64        16         7
   2  +8.06674382e+06             -Inf  100.00      5120      7.33        28        10
   3  +2.90357712e+04             -Inf  100.00      5632     11.64        47        15
   4  +2.88911476e+04             -Inf  100.00      6144     15.54        64        59
   5  +2.88164125e+04             -Inf  100.00      6656     19.88        94       135
   6  +2.87311122e+04             -Inf  100.00      7168     24.02       121       310
   7  +2.87121428e+04             -Inf  100.00      7680     28.53       143       663
   8  +2.86744198e+04             -Inf  100.00      8192     32.95       164      1426
   9  +2.86333180e+04             -Inf  100.00      8704     38.00       192      1765
  10  +2.86035167e+04             -Inf  100.00      9216     45.81       225      1854
  11  +2.85644274e+04             -Inf  100.00      9728     51.40       259      1941
  12  +2.85480678e+04             -Inf  100.00     10240     56.81       290      2018
  13  +2.85217192e+04             -Inf  100.00     10752     62.29       318      2043
  14  +2.84707471e+04             -Inf  100.00     11264     68.23       343      2290
  15  +2.84024365e+04             -Inf  100.00     11776     74.31       367      2318
  16  +2.83573374e+04             -Inf  100.00     12288     80.63       385      2551
  17  +2.83382893e+04             -Inf  100.00     12800     86.98       404      2676
  18  +2.83247603e+04             -Inf  100.00     13312     93.09       428      2933
  19  +2.83134124e+04             -Inf  100.00     13824    100.05       449      3164
  20  +2.83028453e+04             -Inf  100.00     14336    110.66       471      6352
  21  +2.82934657e+04             -Inf  100.00     14848    116.91       490      9585
  22  +2.82744532e+04             -Inf  100.00     15360    123.77       508      9843
  23  +2.82655487e+04             -Inf  100.00     15872    130.28       529     11915
  24  +2.82519521e+04             -Inf  100.00     16384    137.33       548     14860
  25  +2.82474200e+04             -Inf  100.00     16896    144.61       569     15090
  26  +2.82409313e+04             -Inf  100.00     17408    152.16       595     17799
  27  +2.82309016e+04             -Inf  100.00     17920    159.35       614     18432
  28  +2.82250399e+04             -Inf  100.00     18432    166.66       636     19028
  29  +2.82169403e+04             -Inf  100.00     18944    174.57       658     19374
  30  +2.82115975e+04             -Inf  100.00     19456    188.07       680     20673
  31  +2.82046678e+04             -Inf  100.00     19968    196.17       701     22045
  32  +2.81974585e+04             -Inf  100.00     20480    204.70       723     24277
  33  +2.81937300e+04             -Inf  100.00     20992    213.15       746     25445
  34  +2.81901185e+04             -Inf  100.00     21504    221.71       766     28302
  35  +2.81851257e+04             -Inf  100.00     22016    231.22       793     31100
  36  +2.81808314e+04             -Inf  100.00     22528    240.68       820     31622
  37  +2.81773277e+04             -Inf  100.00     23040    250.82       841     32655
  38  +2.81725056e+04             -Inf  100.00     23552    260.86       868     38448
  39  +2.81685437e+04             -Inf  100.00     24064    271.93       897     38462
  40  +2.81655546e+04             -Inf  100.00     24576    288.31       919     43525
  41  +2.81621027e+04             -Inf  100.00     25088    299.06       945     46193
  42  +2.81591532e+04             -Inf  100.00     25600    309.69       971     47541
  43  +2.81568779e+04             -Inf  100.00     26112    320.64       998     47706
  44  +2.81540835e+04             -Inf  100.00     26624    331.16      1024     48833
  45  +2.81515633e+04             -Inf  100.00     27136    341.92      1048     49037
  46  +2.81494840e+04             -Inf  100.00     27648    352.67      1072     51268
  47  +2.81478903e+04             -Inf  100.00     28160    364.15      1099     57408
  48  +2.81457198e+04             -Inf  100.00     28672    375.98      1129     57518
  49  +2.81448994e+04             -Inf  100.00     29184    387.80      1154     66085
  50  +2.81430021e+04             -Inf  100.00     29696    407.26      1180     66252
  51  +2.81414678e+04             -Inf  100.00     30208    418.45      1202     71567
  52  +2.81396104e+04             -Inf  100.00     30720    430.21      1225     79058
  53  +2.81384390e+04             -Inf  100.00     31232    442.27      1251     79624
CG terminated with status SLOW_PROGRESS

Total time / MP: 191.74s
Total time / SP: 220.10s
Total time / CG: 442.27s
Inner barrier iterations: 1251
Inner simplex iterations: 79624
Pricing calls: 31312
