┌ Info: 
│   T = 96
└   R = 16384
[ Info: Saving RMP at iter 10
[ Info: Saving RMP at iter 20
[ Info: Saving RMP at iter 30
[ Info: Saving RMP at iter 40
[ Info: Saving RMP at iter 50
MP solver: Gurobi

Iter      Primal Obj.       Dual bound    %Gap     #Cols   Time(s)   BarIter   SpxIter
   0  +3.99446124e+08             -Inf  100.00     16384      0.62         6         3
   1  +1.36767079e+08             -Inf  100.00     18432     14.93        17         6
   2  +2.76364364e+07             -Inf  100.00     20480     29.91        35         9
   3  +5.30803364e+05             -Inf  100.00     22528     45.84        56        12
   4  +1.15068376e+05             -Inf  100.00     24576     63.43        82        85
   5  +1.14563329e+05             -Inf  100.00     26624     80.28       110       190
   6  +1.14349330e+05             -Inf  100.00     28672    100.30       144       318
   7  +1.14253539e+05             -Inf  100.00     30720    119.40       170       778
   8  +1.14160445e+05             -Inf  100.00     32768    140.17       203      1444
   9  +1.14046548e+05             -Inf  100.00     34816    164.36       239      6778
  10  +1.13906445e+05             -Inf  100.00     36864    196.47       264      9077
  11  +1.13784557e+05             -Inf  100.00     38912    220.02       292     10300
  12  +1.13640211e+05             -Inf  100.00     40960    244.97       315     10917
  13  +1.13401573e+05             -Inf  100.00     43008    272.97       347     12019
  14  +1.13268987e+05             -Inf  100.00     45056    300.17       370     12653
  15  +1.13181994e+05             -Inf  100.00     47104    326.94       392     13254
  16  +1.13110451e+05             -Inf  100.00     49152    354.33       415     14242
  17  +1.13028826e+05             -Inf  100.00     51200    384.39       438     16950
  18  +1.12952936e+05             -Inf  100.00     53248    416.22       472     28057
  19  +1.12905110e+05             -Inf  100.00     55296    446.09       496     30799
  20  +1.12868269e+05             -Inf  100.00     57344    492.09       523     35535
  21  +1.12829985e+05             -Inf  100.00     59392    523.07       547     36457
  22  +1.12797840e+05             -Inf  100.00     61440    555.28       569     42862
  23  +1.12767832e+05             -Inf  100.00     63488    590.65       598     46972
  24  +1.12737964e+05             -Inf  100.00     65536    628.41       622     51456
  25  +1.12718394e+05             -Inf  100.00     67584    663.59       649     56335
  26  +1.12693413e+05             -Inf  100.00     69632    703.09       674     68400
  27  +1.12671143e+05             -Inf  100.00     71680    738.84       695     72376
  28  +1.12657331e+05             -Inf  100.00     73728    778.29       728     79700
  29  +1.12628951e+05             -Inf  100.00     75776    819.70       760     79892
  30  +1.12605827e+05             -Inf  100.00     77824    886.87       790     93499
  31  +1.12578908e+05             -Inf  100.00     79872    929.74       818     96083
  32  +1.12561970e+05             -Inf  100.00     81920    967.07       840    100163
  33  +1.12549651e+05             -Inf  100.00     83968   1009.88       863    107431
  34  +1.12534916e+05             -Inf  100.00     86016   1060.83       902    107438
  35  +1.12520067e+05             -Inf  100.00     88064   1106.92       928    119625
  36  +1.12498335e+05             -Inf  100.00     90112   1157.44       963    119808
  37  +1.12481625e+05             -Inf  100.00     92160   1201.42       987    132139
  38  +1.12462995e+05             -Inf  100.00     94208   1252.77      1017    132453
  39  +1.12452698e+05             -Inf  100.00     96256   1296.11      1040    150334
  40  +1.12438526e+05             -Inf  100.00     98304   1369.15      1064    162730
  41  +1.12430687e+05             -Inf  100.00    100352   1425.71      1096    185014
  42  +1.12419839e+05             -Inf  100.00    102400   1478.72      1122    209862
  43  +1.12402561e+05             -Inf  100.00    104448   1528.37      1152    209939
  44  +1.12388099e+05             -Inf  100.00    106496   1579.07      1182    209949
  45  +1.12376479e+05             -Inf  100.00    108544   1630.42      1207    231295
  46  +1.12364403e+05             -Inf  100.00    110592   1687.54      1241    231324
  47  +1.12355161e+05             -Inf  100.00    112640   1741.63      1268    231739
  48  +1.12350771e+05             -Inf  100.00    114688   1800.34      1303    232240
  49  +1.12343697e+05             -Inf  100.00    116736   1858.55      1336    232268
  50  +1.12334433e+05             -Inf  100.00    118784   1956.60      1376    232289
  51  +1.12326196e+05             -Inf  100.00    120832   2021.53      1414    232321
  52  +1.12322334e+05             -Inf  100.00    122880   2082.01      1448    232756
  53  +1.12316530e+05             -Inf  100.00    124928   2139.57      1476    233186
  54  +1.12308789e+05             -Inf  100.00    126976   2197.49      1504    251746
  55  +1.12302816e+05             -Inf  100.00    129024   2252.38      1529    266129
  56  +1.12297178e+05             -Inf  100.00    131072   2304.13      1555    290648
  57  +1.12292258e+05             -Inf  100.00    133120   2367.13      1590    295731
CG terminated with status SLOW_PROGRESS

Total time / MP: 1248.66s
Total time / SP: 993.02s
Total time / CG: 2367.13s
Inner barrier iterations: 1590
Inner simplex iterations: 295731
Pricing calls: 135415
